C:\USERS\ADMINISTRATOR\DOCUMENTS\VISUAL STUDIO 2012\PROJECTS\WINDOWSGRAPHICS\WINDOWSGRAPHICS\DEBUG\WINDOWSGRAPHICS.PCH
C:\USERS\ADMINISTRATOR\DOCUMENTS\VISUAL STUDIO 2012\PROJECTS\WINDOWSGRAPHICS\WINDOWSGRAPHICS\DEBUG\STDAFX.OBJ
C:\USERS\ADMINISTRATOR\DOCUMENTS\VISUAL STUDIO 2012\PROJECTS\WINDOWSGRAPHICS\WINDOWSGRAPHICS\DEBUG\VC110.PDB
C:\USERS\ADMINISTRATOR\DOCUMENTS\VISUAL STUDIO 2012\PROJECTS\WINDOWSGRAPHICS\WINDOWSGRAPHICS\DEBUG\CAMERA.OBJ
C:\USERS\ADMINISTRATOR\DOCUMENTS\VISUAL STUDIO 2012\PROJECTS\WINDOWSGRAPHICS\WINDOWSGRAPHICS\DEBUG\LIGHT.OBJ
C:\USERS\ADMINISTRATOR\DOCUMENTS\VISUAL STUDIO 2012\PROJECTS\WINDOWSGRAPHICS\WINDOWSGRAPHICS\DEBUG\MATRIX4X4.OBJ
C:\USERS\ADMINISTRATOR\DOCUMENTS\VISUAL STUDIO 2012\PROJECTS\WINDOWSGRAPHICS\WINDOWSGRAPHICS\DEBUG\MODEL.OBJ
C:\USERS\ADMINISTRATOR\DOCUMENTS\VISUAL STUDIO 2012\PROJECTS\WINDOWSGRAPHICS\WINDOWSGRAPHICS\DEBUG\RENDER.OBJ
C:\USERS\ADMINISTRATOR\DOCUMENTS\VISUAL STUDIO 2012\PROJECTS\WINDOWSGRAPHICS\WINDOWSGRAPHICS\DEBUG\SCENE.OBJ
C:\USERS\ADMINISTRATOR\DOCUMENTS\VISUAL STUDIO 2012\PROJECTS\WINDOWSGRAPHICS\WINDOWSGRAPHICS\DEBUG\TRIANGLE.OBJ
C:\USERS\ADMINISTRATOR\DOCUMENTS\VISUAL STUDIO 2012\PROJECTS\WINDOWSGRAPHICS\WINDOWSGRAPHICS\DEBUG\VECTOR2.OBJ
C:\USERS\ADMINISTRATOR\DOCUMENTS\VISUAL STUDIO 2012\PROJECTS\WINDOWSGRAPHICS\WINDOWSGRAPHICS\DEBUG\VECTOR3.OBJ
C:\USERS\ADMINISTRATOR\DOCUMENTS\VISUAL STUDIO 2012\PROJECTS\WINDOWSGRAPHICS\WINDOWSGRAPHICS\DEBUG\VECTOR4.OBJ
C:\USERS\ADMINISTRATOR\DOCUMENTS\VISUAL STUDIO 2012\PROJECTS\WINDOWSGRAPHICS\WINDOWSGRAPHICS\DEBUG\VERTEX.OBJ
C:\USERS\ADMINISTRATOR\DOCUMENTS\VISUAL STUDIO 2012\PROJECTS\WINDOWSGRAPHICS\WINDOWSGRAPHICS\DEBUG\WINDOWSGRAPHICS.OBJ
C:\USERS\ADMINISTRATOR\DOCUMENTS\VISUAL STUDIO 2012\PROJECTS\WINDOWSGRAPHICS\WINDOWSGRAPHICS\DEBUG\MASTERIAL.OBJ
C:\USERS\ADMINISTRATOR\DOCUMENTS\VISUAL STUDIO 2012\PROJECTS\WINDOWSGRAPHICS\WINDOWSGRAPHICS\DEBUG\MATERIAL.OBJ
C:\USERS\ADMINISTRATOR\DOCUMENTS\VISUAL STUDIO 2012\PROJECTS\WINDOWSGRAPHICS\DEBUG\WINDOWSGRAPHICS.ILK
C:\USERS\ADMINISTRATOR\DOCUMENTS\VISUAL STUDIO 2012\PROJECTS\WINDOWSGRAPHICS\DEBUG\WINDOWSGRAPHICS.EXE
C:\USERS\ADMINISTRATOR\DOCUMENTS\VISUAL STUDIO 2012\PROJECTS\WINDOWSGRAPHICS\DEBUG\WINDOWSGRAPHICS.PDB
C:\USERS\ADMINISTRATOR\DOCUMENTS\VISUAL STUDIO 2012\PROJECTS\WINDOWSGRAPHICS\WINDOWSGRAPHICS\DEBUG\WINDOWSGRAPHICS.RES
C:\Users\Administrator\documents\visual studio 2012\Projects\WindowsGraphics\WindowsGraphics\Debug\Camera.obj
C:\Users\Administrator\documents\visual studio 2012\Projects\WindowsGraphics\WindowsGraphics\Debug\Light.obj
C:\Users\Administrator\documents\visual studio 2012\Projects\WindowsGraphics\WindowsGraphics\Debug\Masterial.obj
C:\Users\Administrator\documents\visual studio 2012\Projects\WindowsGraphics\WindowsGraphics\Debug\Material.obj
C:\Users\Administrator\documents\visual studio 2012\Projects\WindowsGraphics\WindowsGraphics\Debug\Matrix4x4.obj
C:\Users\Administrator\documents\visual studio 2012\Projects\WindowsGraphics\WindowsGraphics\Debug\Model.obj
C:\Users\Administrator\documents\visual studio 2012\Projects\WindowsGraphics\WindowsGraphics\Debug\Render.obj
C:\Users\Administrator\documents\visual studio 2012\Projects\WindowsGraphics\WindowsGraphics\Debug\Scene.obj
C:\Users\Administrator\documents\visual studio 2012\Projects\WindowsGraphics\WindowsGraphics\Debug\stdafx.obj
C:\Users\Administrator\documents\visual studio 2012\Projects\WindowsGraphics\WindowsGraphics\Debug\Triangle.obj
C:\Users\Administrator\documents\visual studio 2012\Projects\WindowsGraphics\WindowsGraphics\Debug\Vector2.obj
C:\Users\Administrator\documents\visual studio 2012\Projects\WindowsGraphics\WindowsGraphics\Debug\Vector3.obj
C:\Users\Administrator\documents\visual studio 2012\Projects\WindowsGraphics\WindowsGraphics\Debug\Vector4.obj
C:\Users\Administrator\documents\visual studio 2012\Projects\WindowsGraphics\WindowsGraphics\Debug\Vertex.obj
C:\Users\Administrator\documents\visual studio 2012\Projects\WindowsGraphics\WindowsGraphics\Debug\WindowsGraphics.obj
C:\Users\Administrator\documents\visual studio 2012\Projects\WindowsGraphics\WindowsGraphics\Debug\cl.command.1.tlog
C:\Users\Administrator\documents\visual studio 2012\Projects\WindowsGraphics\WindowsGraphics\Debug\CL.read.1.tlog
C:\Users\Administrator\documents\visual studio 2012\Projects\WindowsGraphics\WindowsGraphics\Debug\CL.write.1.tlog
C:\Users\Administrator\documents\visual studio 2012\Projects\WindowsGraphics\WindowsGraphics\Debug\link-cvtres.read.1.tlog
C:\Users\Administrator\documents\visual studio 2012\Projects\WindowsGraphics\WindowsGraphics\Debug\link-cvtres.write.1.tlog
C:\Users\Administrator\documents\visual studio 2012\Projects\WindowsGraphics\WindowsGraphics\Debug\link-mt.read.1.tlog
C:\Users\Administrator\documents\visual studio 2012\Projects\WindowsGraphics\WindowsGraphics\Debug\link-mt.write.1.tlog
C:\Users\Administrator\documents\visual studio 2012\Projects\WindowsGraphics\WindowsGraphics\Debug\link-rc.read.1.tlog
C:\Users\Administrator\documents\visual studio 2012\Projects\WindowsGraphics\WindowsGraphics\Debug\link-rc.write.1.tlog
C:\Users\Administrator\documents\visual studio 2012\Projects\WindowsGraphics\WindowsGraphics\Debug\link.1812-cvtres.read.1.tlog
C:\Users\Administrator\documents\visual studio 2012\Projects\WindowsGraphics\WindowsGraphics\Debug\link.1812-cvtres.write.1.tlog
C:\Users\Administrator\documents\visual studio 2012\Projects\WindowsGraphics\WindowsGraphics\Debug\link.1812-mt.read.1.tlog
C:\Users\Administrator\documents\visual studio 2012\Projects\WindowsGraphics\WindowsGraphics\Debug\link.1812-mt.write.1.tlog
C:\Users\Administrator\documents\visual studio 2012\Projects\WindowsGraphics\WindowsGraphics\Debug\link.1812-rc.read.1.tlog
C:\Users\Administrator\documents\visual studio 2012\Projects\WindowsGraphics\WindowsGraphics\Debug\link.1812-rc.write.1.tlog
C:\Users\Administrator\documents\visual studio 2012\Projects\WindowsGraphics\WindowsGraphics\Debug\link.1812.read.1.tlog
C:\Users\Administrator\documents\visual studio 2012\Projects\WindowsGraphics\WindowsGraphics\Debug\link.1812.write.1.tlog
C:\Users\Administrator\documents\visual studio 2012\Projects\WindowsGraphics\WindowsGraphics\Debug\link.4088-cvtres.read.1.tlog
C:\Users\Administrator\documents\visual studio 2012\Projects\WindowsGraphics\WindowsGraphics\Debug\link.4088-cvtres.write.1.tlog
C:\Users\Administrator\documents\visual studio 2012\Projects\WindowsGraphics\WindowsGraphics\Debug\link.4088-mt.read.1.tlog
C:\Users\Administrator\documents\visual studio 2012\Projects\WindowsGraphics\WindowsGraphics\Debug\link.4088-mt.write.1.tlog
C:\Users\Administrator\documents\visual studio 2012\Projects\WindowsGraphics\WindowsGraphics\Debug\link.4088-rc.read.1.tlog
C:\Users\Administrator\documents\visual studio 2012\Projects\WindowsGraphics\WindowsGraphics\Debug\link.4088-rc.write.1.tlog
C:\Users\Administrator\documents\visual studio 2012\Projects\WindowsGraphics\WindowsGraphics\Debug\link.4088.read.1.tlog
C:\Users\Administrator\documents\visual studio 2012\Projects\WindowsGraphics\WindowsGraphics\Debug\link.4088.write.1.tlog
C:\Users\Administrator\documents\visual studio 2012\Projects\WindowsGraphics\WindowsGraphics\Debug\link.4628-cvtres.read.1.tlog
C:\Users\Administrator\documents\visual studio 2012\Projects\WindowsGraphics\WindowsGraphics\Debug\link.4628-cvtres.write.1.tlog
C:\Users\Administrator\documents\visual studio 2012\Projects\WindowsGraphics\WindowsGraphics\Debug\link.4628-mt.read.1.tlog
C:\Users\Administrator\documents\visual studio 2012\Projects\WindowsGraphics\WindowsGraphics\Debug\link.4628-mt.write.1.tlog
C:\Users\Administrator\documents\visual studio 2012\Projects\WindowsGraphics\WindowsGraphics\Debug\link.4628-rc.read.1.tlog
C:\Users\Administrator\documents\visual studio 2012\Projects\WindowsGraphics\WindowsGraphics\Debug\link.4628-rc.write.1.tlog
C:\Users\Administrator\documents\visual studio 2012\Projects\WindowsGraphics\WindowsGraphics\Debug\link.4628.read.1.tlog
C:\Users\Administrator\documents\visual studio 2012\Projects\WindowsGraphics\WindowsGraphics\Debug\link.4628.write.1.tlog
C:\Users\Administrator\documents\visual studio 2012\Projects\WindowsGraphics\WindowsGraphics\Debug\link.5956-cvtres.read.1.tlog
C:\Users\Administrator\documents\visual studio 2012\Projects\WindowsGraphics\WindowsGraphics\Debug\link.5956-cvtres.write.1.tlog
C:\Users\Administrator\documents\visual studio 2012\Projects\WindowsGraphics\WindowsGraphics\Debug\link.5956-mt.read.1.tlog
C:\Users\Administrator\documents\visual studio 2012\Projects\WindowsGraphics\WindowsGraphics\Debug\link.5956-mt.write.1.tlog
C:\Users\Administrator\documents\visual studio 2012\Projects\WindowsGraphics\WindowsGraphics\Debug\link.5956-rc.read.1.tlog
C:\Users\Administrator\documents\visual studio 2012\Projects\WindowsGraphics\WindowsGraphics\Debug\link.5956-rc.write.1.tlog
C:\Users\Administrator\documents\visual studio 2012\Projects\WindowsGraphics\WindowsGraphics\Debug\link.5956.read.1.tlog
C:\Users\Administrator\documents\visual studio 2012\Projects\WindowsGraphics\WindowsGraphics\Debug\link.5956.write.1.tlog
C:\Users\Administrator\documents\visual studio 2012\Projects\WindowsGraphics\WindowsGraphics\Debug\link.6132-cvtres.read.1.tlog
C:\Users\Administrator\documents\visual studio 2012\Projects\WindowsGraphics\WindowsGraphics\Debug\link.6132-cvtres.write.1.tlog
C:\Users\Administrator\documents\visual studio 2012\Projects\WindowsGraphics\WindowsGraphics\Debug\link.6132-mt.read.1.tlog
C:\Users\Administrator\documents\visual studio 2012\Projects\WindowsGraphics\WindowsGraphics\Debug\link.6132-mt.write.1.tlog
C:\Users\Administrator\documents\visual studio 2012\Projects\WindowsGraphics\WindowsGraphics\Debug\link.6132-rc.read.1.tlog
C:\Users\Administrator\documents\visual studio 2012\Projects\WindowsGraphics\WindowsGraphics\Debug\link.6132-rc.write.1.tlog
C:\Users\Administrator\documents\visual studio 2012\Projects\WindowsGraphics\WindowsGraphics\Debug\link.6132.read.1.tlog
C:\Users\Administrator\documents\visual studio 2012\Projects\WindowsGraphics\WindowsGraphics\Debug\link.6132.write.1.tlog
C:\Users\Administrator\documents\visual studio 2012\Projects\WindowsGraphics\WindowsGraphics\Debug\link.command.1.tlog
C:\Users\Administrator\documents\visual studio 2012\Projects\WindowsGraphics\WindowsGraphics\Debug\link.read.1.tlog
C:\Users\Administrator\documents\visual studio 2012\Projects\WindowsGraphics\WindowsGraphics\Debug\link.write.1.tlog
C:\Users\Administrator\documents\visual studio 2012\Projects\WindowsGraphics\WindowsGraphics\Debug\rc.command.1.tlog
C:\Users\Administrator\documents\visual studio 2012\Projects\WindowsGraphics\WindowsGraphics\Debug\rc.read.1.tlog
C:\Users\Administrator\documents\visual studio 2012\Projects\WindowsGraphics\WindowsGraphics\Debug\rc.write.1.tlog
C:\Users\Administrator\documents\visual studio 2012\Projects\WindowsGraphics\WindowsGraphics\Debug\WindowsGraphics.res
C:\Users\Administrator\documents\visual studio 2012\Projects\WindowsGraphics\WindowsGraphics\Debug\WindowsGraphics.pch
C:\Users\Administrator\documents\visual studio 2012\Projects\WindowsGraphics\WindowsGraphics\Debug\vc110.idb
C:\Users\Administrator\documents\visual studio 2012\Projects\WindowsGraphics\WindowsGraphics\Debug\vc110.pdb
C:\Users\Administrator\documents\visual studio 2012\Projects\WindowsGraphics\Debug\WindowsGraphics.pdb
C:\Users\Administrator\documents\visual studio 2012\Projects\WindowsGraphics\Debug\WindowsGraphics.exe
C:\Users\Administrator\documents\visual studio 2012\Projects\WindowsGraphics\Debug\WindowsGraphics.ilk
